[31merror[39m: [CreateMappingConfig] uncaughtException: Cannot read properties of undefined (reading 'f') 
{
  date: [32m'Sun Oct 15 2023 12:57:09 GMT+0530 (India Standard Time)'[39m,
  process: {
    pid: [33m2684[39m,
    uid: [1mnull[22m,
    gid: [1mnull[22m,
    cwd: [32m'D:\\Project\\peer-network-suggestor'[39m,
    execPath: [32m'C:\\Program Files\\nodejs\\node.exe'[39m,
    version: [32m'v16.18.0'[39m,
    argv: [
      [32m'C:\\Program Files\\nodejs\\node.exe'[39m,
      [32m'D:\\Project\\peer-network-suggestor\\index.js'[39m
    ],
    memoryUsage: {
      rss: [33m28368896[39m,
      heapTotal: [33m8355840[39m,
      heapUsed: [33m6239120[39m,
      external: [33m922527[39m,
      arrayBuffers: [33m51448[39m
    }
  },
  os: { loadavg: [ [33m0[39m, [33m0[39m, [33m0[39m ], uptime: [33m2275[39m },
  trace: [
    {
      column: [33m29[39m,
      file: [32m'D:\\Project\\peer-network-suggestor\\node_modules\\sentence-similarity\\SentenceSimilarity.js'[39m,
      function: [32m'similarityTable'[39m,
      line: [33m59[39m,
      method: [1mnull[22m,
      native: [33mfalse[39m
    },
    {
      column: [33m15[39m,
      file: [32m'D:\\Project\\peer-network-suggestor\\node_modules\\sentence-similarity\\SentenceSimilarity.js'[39m,
      function: [32m'similarity'[39m,
      line: [33m222[39m,
      method: [1mnull[22m,
      native: [33mfalse[39m
    },
    {
      column: [33m13[39m,
      file: [32m'D:\\Project\\peer-network-suggestor\\index.js'[39m,
      function: [1mnull[22m,
      line: [33m7[39m,
      method: [1mnull[22m,
      native: [33mfalse[39m
    },
    {
      column: [33m14[39m,
      file: [32m'node:internal/modules/cjs/loader'[39m,
      function: [32m'Module._compile'[39m,
      line: [33m1155[39m,
      method: [32m'_compile'[39m,
      native: [33mfalse[39m
    },
    {
      column: [33m10[39m,
      file: [32m'node:internal/modules/cjs/loader'[39m,
      function: [32m'Module._extensions..js'[39m,
      line: [33m1209[39m,
      method: [32m'.js'[39m,
      native: [33mfalse[39m
    },
    {
      column: [33m32[39m,
      file: [32m'node:internal/modules/cjs/loader'[39m,
      function: [32m'Module.load'[39m,
      line: [33m1033[39m,
      method: [32m'load'[39m,
      native: [33mfalse[39m
    },
    {
      column: [33m12[39m,
      file: [32m'node:internal/modules/cjs/loader'[39m,
      function: [32m'Module._load'[39m,
      line: [33m868[39m,
      method: [32m'_load'[39m,
      native: [33mfalse[39m
    },
    {
      column: [33m12[39m,
      file: [32m'node:internal/modules/run_main'[39m,
      function: [32m'Function.executeUserEntryPoint [as runMain]'[39m,
      line: [33m81[39m,
      method: [32m'executeUserEntryPoint [as runMain]'[39m,
      native: [33mfalse[39m
    },
    {
      column: [33m47[39m,
      file: [32m'node:internal/main/run_main_module'[39m,
      function: [1mnull[22m,
      line: [33m22[39m,
      method: [1mnull[22m,
      native: [33mfalse[39m
    }
  ],
  stack: [
    [32m"TypeError: Cannot read properties of undefined (reading 'f')"[39m,
    [32m'    at similarityTable (D:\\Project\\peer-network-suggestor\\node_modules\\sentence-similarity\\SentenceSimilarity.js:59:29)'[39m,
    [32m'    at similarity (D:\\Project\\peer-network-suggestor\\node_modules\\sentence-similarity\\SentenceSimilarity.js:222:15)'[39m,
    [32m'    at Object.<anonymous> (D:\\Project\\peer-network-suggestor\\index.js:7:13)'[39m,
    [32m'    at Module._compile (node:internal/modules/cjs/loader:1155:14)'[39m,
    [32m'    at Object.Module._extensions..js (node:internal/modules/cjs/loader:1209:10)'[39m,
    [32m'    at Module.load (node:internal/modules/cjs/loader:1033:32)'[39m,
    [32m'    at Function.Module._load (node:internal/modules/cjs/loader:868:12)'[39m,
    [32m'    at Function.executeUserEntryPoint [as runMain] (node:internal/modules/run_main:81:12)'[39m,
    [32m'    at node:internal/main/run_main_module:22:47'[39m
  ]
}
[31merror[39m: [Helper] uncaughtException: Cannot read properties of undefined (reading 'f') 
{
  date: [32m'Sun Oct 15 2023 12:57:09 GMT+0530 (India Standard Time)'[39m,
  process: {
    pid: [33m2684[39m,
    uid: [1mnull[22m,
    gid: [1mnull[22m,
    cwd: [32m'D:\\Project\\peer-network-suggestor'[39m,
    execPath: [32m'C:\\Program Files\\nodejs\\node.exe'[39m,
    version: [32m'v16.18.0'[39m,
    argv: [
      [32m'C:\\Program Files\\nodejs\\node.exe'[39m,
      [32m'D:\\Project\\peer-network-suggestor\\index.js'[39m
    ],
    memoryUsage: {
      rss: [33m30851072[39m,
      heapTotal: [33m8626176[39m,
      heapUsed: [33m6652992[39m,
      external: [33m922591[39m,
      arrayBuffers: [33m51472[39m
    }
  },
  os: { loadavg: [ [33m0[39m, [33m0[39m, [33m0[39m ], uptime: [33m2275[39m },
  trace: [
    {
      column: [33m29[39m,
      file: [32m'D:\\Project\\peer-network-suggestor\\node_modules\\sentence-similarity\\SentenceSimilarity.js'[39m,
      function: [32m'similarityTable'[39m,
      line: [33m59[39m,
      method: [1mnull[22m,
      native: [33mfalse[39m
    },
    {
      column: [33m15[39m,
      file: [32m'D:\\Project\\peer-network-suggestor\\node_modules\\sentence-similarity\\SentenceSimilarity.js'[39m,
      function: [32m'similarity'[39m,
      line: [33m222[39m,
      method: [1mnull[22m,
      native: [33mfalse[39m
    },
    {
      column: [33m13[39m,
      file: [32m'D:\\Project\\peer-network-suggestor\\index.js'[39m,
      function: [1mnull[22m,
      line: [33m7[39m,
      method: [1mnull[22m,
      native: [33mfalse[39m
    },
    {
      column: [33m14[39m,
      file: [32m'node:internal/modules/cjs/loader'[39m,
      function: [32m'Module._compile'[39m,
      line: [33m1155[39m,
      method: [32m'_compile'[39m,
      native: [33mfalse[39m
    },
    {
      column: [33m10[39m,
      file: [32m'node:internal/modules/cjs/loader'[39m,
      function: [32m'Module._extensions..js'[39m,
      line: [33m1209[39m,
      method: [32m'.js'[39m,
      native: [33mfalse[39m
    },
    {
      column: [33m32[39m,
      file: [32m'node:internal/modules/cjs/loader'[39m,
      function: [32m'Module.load'[39m,
      line: [33m1033[39m,
      method: [32m'load'[39m,
      native: [33mfalse[39m
    },
    {
      column: [33m12[39m,
      file: [32m'node:internal/modules/cjs/loader'[39m,
      function: [32m'Module._load'[39m,
      line: [33m868[39m,
      method: [32m'_load'[39m,
      native: [33mfalse[39m
    },
    {
      column: [33m12[39m,
      file: [32m'node:internal/modules/run_main'[39m,
      function: [32m'Function.executeUserEntryPoint [as runMain]'[39m,
      line: [33m81[39m,
      method: [32m'executeUserEntryPoint [as runMain]'[39m,
      native: [33mfalse[39m
    },
    {
      column: [33m47[39m,
      file: [32m'node:internal/main/run_main_module'[39m,
      function: [1mnull[22m,
      line: [33m22[39m,
      method: [1mnull[22m,
      native: [33mfalse[39m
    }
  ],
  stack: [
    [32m"TypeError: Cannot read properties of undefined (reading 'f')"[39m,
    [32m'    at similarityTable (D:\\Project\\peer-network-suggestor\\node_modules\\sentence-similarity\\SentenceSimilarity.js:59:29)'[39m,
    [32m'    at similarity (D:\\Project\\peer-network-suggestor\\node_modules\\sentence-similarity\\SentenceSimilarity.js:222:15)'[39m,
    [32m'    at Object.<anonymous> (D:\\Project\\peer-network-suggestor\\index.js:7:13)'[39m,
    [32m'    at Module._compile (node:internal/modules/cjs/loader:1155:14)'[39m,
    [32m'    at Object.Module._extensions..js (node:internal/modules/cjs/loader:1209:10)'[39m,
    [32m'    at Module.load (node:internal/modules/cjs/loader:1033:32)'[39m,
    [32m'    at Function.Module._load (node:internal/modules/cjs/loader:868:12)'[39m,
    [32m'    at Function.executeUserEntryPoint [as runMain] (node:internal/modules/run_main:81:12)'[39m,
    [32m'    at node:internal/main/run_main_module:22:47'[39m
  ]
}
[31merror[39m: [SbEvent] uncaughtException: Cannot read properties of undefined (reading 'f') 
{
  date: [32m'Sun Oct 15 2023 12:57:09 GMT+0530 (India Standard Time)'[39m,
  process: {
    pid: [33m2684[39m,
    uid: [1mnull[22m,
    gid: [1mnull[22m,
    cwd: [32m'D:\\Project\\peer-network-suggestor'[39m,
    execPath: [32m'C:\\Program Files\\nodejs\\node.exe'[39m,
    version: [32m'v16.18.0'[39m,
    argv: [
      [32m'C:\\Program Files\\nodejs\\node.exe'[39m,
      [32m'D:\\Project\\peer-network-suggestor\\index.js'[39m
    ],
    memoryUsage: {
      rss: [33m30183424[39m,
      heapTotal: [33m8888320[39m,
      heapUsed: [33m7015152[39m,
      external: [33m922591[39m,
      arrayBuffers: [33m51472[39m
    }
  },
  os: { loadavg: [ [33m0[39m, [33m0[39m, [33m0[39m ], uptime: [33m2275[39m },
  trace: [
    {
      column: [33m29[39m,
      file: [32m'D:\\Project\\peer-network-suggestor\\node_modules\\sentence-similarity\\SentenceSimilarity.js'[39m,
      function: [32m'similarityTable'[39m,
      line: [33m59[39m,
      method: [1mnull[22m,
      native: [33mfalse[39m
    },
    {
      column: [33m15[39m,
      file: [32m'D:\\Project\\peer-network-suggestor\\node_modules\\sentence-similarity\\SentenceSimilarity.js'[39m,
      function: [32m'similarity'[39m,
      line: [33m222[39m,
      method: [1mnull[22m,
      native: [33mfalse[39m
    },
    {
      column: [33m13[39m,
      file: [32m'D:\\Project\\peer-network-suggestor\\index.js'[39m,
      function: [1mnull[22m,
      line: [33m7[39m,
      method: [1mnull[22m,
      native: [33mfalse[39m
    },
    {
      column: [33m14[39m,
      file: [32m'node:internal/modules/cjs/loader'[39m,
      function: [32m'Module._compile'[39m,
      line: [33m1155[39m,
      method: [32m'_compile'[39m,
      native: [33mfalse[39m
    },
    {
      column: [33m10[39m,
      file: [32m'node:internal/modules/cjs/loader'[39m,
      function: [32m'Module._extensions..js'[39m,
      line: [33m1209[39m,
      method: [32m'.js'[39m,
      native: [33mfalse[39m
    },
    {
      column: [33m32[39m,
      file: [32m'node:internal/modules/cjs/loader'[39m,
      function: [32m'Module.load'[39m,
      line: [33m1033[39m,
      method: [32m'load'[39m,
      native: [33mfalse[39m
    },
    {
      column: [33m12[39m,
      file: [32m'node:internal/modules/cjs/loader'[39m,
      function: [32m'Module._load'[39m,
      line: [33m868[39m,
      method: [32m'_load'[39m,
      native: [33mfalse[39m
    },
    {
      column: [33m12[39m,
      file: [32m'node:internal/modules/run_main'[39m,
      function: [32m'Function.executeUserEntryPoint [as runMain]'[39m,
      line: [33m81[39m,
      method: [32m'executeUserEntryPoint [as runMain]'[39m,
      native: [33mfalse[39m
    },
    {
      column: [33m47[39m,
      file: [32m'node:internal/main/run_main_module'[39m,
      function: [1mnull[22m,
      line: [33m22[39m,
      method: [1mnull[22m,
      native: [33mfalse[39m
    }
  ],
  stack: [
    [32m"TypeError: Cannot read properties of undefined (reading 'f')"[39m,
    [32m'    at similarityTable (D:\\Project\\peer-network-suggestor\\node_modules\\sentence-similarity\\SentenceSimilarity.js:59:29)'[39m,
    [32m'    at similarity (D:\\Project\\peer-network-suggestor\\node_modules\\sentence-similarity\\SentenceSimilarity.js:222:15)'[39m,
    [32m'    at Object.<anonymous> (D:\\Project\\peer-network-suggestor\\index.js:7:13)'[39m,
    [32m'    at Module._compile (node:internal/modules/cjs/loader:1155:14)'[39m,
    [32m'    at Object.Module._extensions..js (node:internal/modules/cjs/loader:1209:10)'[39m,
    [32m'    at Module.load (node:internal/modules/cjs/loader:1033:32)'[39m,
    [32m'    at Function.Module._load (node:internal/modules/cjs/loader:868:12)'[39m,
    [32m'    at Function.executeUserEntryPoint [as runMain] (node:internal/modules/run_main:81:12)'[39m,
    [32m'    at node:internal/main/run_main_module:22:47'[39m
  ]
}
[31merror[39m: [ExitHandler] uncaughtException: Cannot read properties of undefined (reading 'f') 
{
  date: [32m'Sun Oct 15 2023 12:57:09 GMT+0530 (India Standard Time)'[39m,
  process: {
    pid: [33m2684[39m,
    uid: [1mnull[22m,
    gid: [1mnull[22m,
    cwd: [32m'D:\\Project\\peer-network-suggestor'[39m,
    execPath: [32m'C:\\Program Files\\nodejs\\node.exe'[39m,
    version: [32m'v16.18.0'[39m,
    argv: [
      [32m'C:\\Program Files\\nodejs\\node.exe'[39m,
      [32m'D:\\Project\\peer-network-suggestor\\index.js'[39m
    ],
    memoryUsage: {
      rss: [33m30195712[39m,
      heapTotal: [33m8888320[39m,
      heapUsed: [33m7137088[39m,
      external: [33m922591[39m,
      arrayBuffers: [33m51472[39m
    }
  },
  os: { loadavg: [ [33m0[39m, [33m0[39m, [33m0[39m ], uptime: [33m2275[39m },
  trace: [
    {
      column: [33m29[39m,
      file: [32m'D:\\Project\\peer-network-suggestor\\node_modules\\sentence-similarity\\SentenceSimilarity.js'[39m,
      function: [32m'similarityTable'[39m,
      line: [33m59[39m,
      method: [1mnull[22m,
      native: [33mfalse[39m
    },
    {
      column: [33m15[39m,
      file: [32m'D:\\Project\\peer-network-suggestor\\node_modules\\sentence-similarity\\SentenceSimilarity.js'[39m,
      function: [32m'similarity'[39m,
      line: [33m222[39m,
      method: [1mnull[22m,
      native: [33mfalse[39m
    },
    {
      column: [33m13[39m,
      file: [32m'D:\\Project\\peer-network-suggestor\\index.js'[39m,
      function: [1mnull[22m,
      line: [33m7[39m,
      method: [1mnull[22m,
      native: [33mfalse[39m
    },
    {
      column: [33m14[39m,
      file: [32m'node:internal/modules/cjs/loader'[39m,
      function: [32m'Module._compile'[39m,
      line: [33m1155[39m,
      method: [32m'_compile'[39m,
      native: [33mfalse[39m
    },
    {
      column: [33m10[39m,
      file: [32m'node:internal/modules/cjs/loader'[39m,
      function: [32m'Module._extensions..js'[39m,
      line: [33m1209[39m,
      method: [32m'.js'[39m,
      native: [33mfalse[39m
    },
    {
      column: [33m32[39m,
      file: [32m'node:internal/modules/cjs/loader'[39m,
      function: [32m'Module.load'[39m,
      line: [33m1033[39m,
      method: [32m'load'[39m,
      native: [33mfalse[39m
    },
    {
      column: [33m12[39m,
      file: [32m'node:internal/modules/cjs/loader'[39m,
      function: [32m'Module._load'[39m,
      line: [33m868[39m,
      method: [32m'_load'[39m,
      native: [33mfalse[39m
    },
    {
      column: [33m12[39m,
      file: [32m'node:internal/modules/run_main'[39m,
      function: [32m'Function.executeUserEntryPoint [as runMain]'[39m,
      line: [33m81[39m,
      method: [32m'executeUserEntryPoint [as runMain]'[39m,
      native: [33mfalse[39m
    },
    {
      column: [33m47[39m,
      file: [32m'node:internal/main/run_main_module'[39m,
      function: [1mnull[22m,
      line: [33m22[39m,
      method: [1mnull[22m,
      native: [33mfalse[39m
    }
  ],
  stack: [
    [32m"TypeError: Cannot read properties of undefined (reading 'f')"[39m,
    [32m'    at similarityTable (D:\\Project\\peer-network-suggestor\\node_modules\\sentence-similarity\\SentenceSimilarity.js:59:29)'[39m,
    [32m'    at similarity (D:\\Project\\peer-network-suggestor\\node_modules\\sentence-similarity\\SentenceSimilarity.js:222:15)'[39m,
    [32m'    at Object.<anonymous> (D:\\Project\\peer-network-suggestor\\index.js:7:13)'[39m,
    [32m'    at Module._compile (node:internal/modules/cjs/loader:1155:14)'[39m,
    [32m'    at Object.Module._extensions..js (node:internal/modules/cjs/loader:1209:10)'[39m,
    [32m'    at Module.load (node:internal/modules/cjs/loader:1033:32)'[39m,
    [32m'    at Function.Module._load (node:internal/modules/cjs/loader:868:12)'[39m,
    [32m'    at Function.executeUserEntryPoint [as runMain] (node:internal/modules/run_main:81:12)'[39m,
    [32m'    at node:internal/main/run_main_module:22:47'[39m
  ]
}
[31merror[39m: [CreateMappingConfig] uncaughtException: options.f is not a function 
{
  date: [32m'Sun Oct 15 2023 12:57:35 GMT+0530 (India Standard Time)'[39m,
  process: {
    pid: [33m14304[39m,
    uid: [1mnull[22m,
    gid: [1mnull[22m,
    cwd: [32m'D:\\Project\\peer-network-suggestor'[39m,
    execPath: [32m'C:\\Program Files\\nodejs\\node.exe'[39m,
    version: [32m'v16.18.0'[39m,
    argv: [
      [32m'C:\\Program Files\\nodejs\\node.exe'[39m,
      [32m'D:\\Project\\peer-network-suggestor\\index.js'[39m
    ],
    memoryUsage: {
      rss: [33m28413952[39m,
      heapTotal: [33m8093696[39m,
      heapUsed: [33m6230760[39m,
      external: [33m922527[39m,
      arrayBuffers: [33m51448[39m
    }
  },
  os: { loadavg: [ [33m0[39m, [33m0[39m, [33m0[39m ], uptime: [33m2300[39m },
  trace: [
    {
      column: [33m29[39m,
      file: [32m'D:\\Project\\peer-network-suggestor\\node_modules\\sentence-similarity\\SentenceSimilarity.js'[39m,
      function: [32m'similarityTable'[39m,
      line: [33m59[39m,
      method: [1mnull[22m,
      native: [33mfalse[39m
    },
    {
      column: [33m15[39m,
      file: [32m'D:\\Project\\peer-network-suggestor\\node_modules\\sentence-similarity\\SentenceSimilarity.js'[39m,
      function: [32m'similarity'[39m,
      line: [33m222[39m,
      method: [1mnull[22m,
      native: [33mfalse[39m
    },
    {
      column: [33m13[39m,
      file: [32m'D:\\Project\\peer-network-suggestor\\index.js'[39m,
      function: [1mnull[22m,
      line: [33m6[39m,
      method: [1mnull[22m,
      native: [33mfalse[39m
    },
    {
      column: [33m14[39m,
      file: [32m'node:internal/modules/cjs/loader'[39m,
      function: [32m'Module._compile'[39m,
      line: [33m1155[39m,
      method: [32m'_compile'[39m,
      native: [33mfalse[39m
    },
    {
      column: [33m10[39m,
      file: [32m'node:internal/modules/cjs/loader'[39m,
      function: [32m'Module._extensions..js'[39m,
      line: [33m1209[39m,
      method: [32m'.js'[39m,
      native: [33mfalse[39m
    },
    {
      column: [33m32[39m,
      file: [32m'node:internal/modules/cjs/loader'[39m,
      function: [32m'Module.load'[39m,
      line: [33m1033[39m,
      method: [32m'load'[39m,
      native: [33mfalse[39m
    },
    {
      column: [33m12[39m,
      file: [32m'node:internal/modules/cjs/loader'[39m,
      function: [32m'Module._load'[39m,
      line: [33m868[39m,
      method: [32m'_load'[39m,
      native: [33mfalse[39m
    },
    {
      column: [33m12[39m,
      file: [32m'node:internal/modules/run_main'[39m,
      function: [32m'Function.executeUserEntryPoint [as runMain]'[39m,
      line: [33m81[39m,
      method: [32m'executeUserEntryPoint [as runMain]'[39m,
      native: [33mfalse[39m
    },
    {
      column: [33m47[39m,
      file: [32m'node:internal/main/run_main_module'[39m,
      function: [1mnull[22m,
      line: [33m22[39m,
      method: [1mnull[22m,
      native: [33mfalse[39m
    }
  ],
  stack: [
    [32m'TypeError: options.f is not a function'[39m,
    [32m'    at similarityTable (D:\\Project\\peer-network-suggestor\\node_modules\\sentence-similarity\\SentenceSimilarity.js:59:29)'[39m,
    [32m'    at similarity (D:\\Project\\peer-network-suggestor\\node_modules\\sentence-similarity\\SentenceSimilarity.js:222:15)'[39m,
    [32m'    at Object.<anonymous> (D:\\Project\\peer-network-suggestor\\index.js:6:13)'[39m,
    [32m'    at Module._compile (node:internal/modules/cjs/loader:1155:14)'[39m,
    [32m'    at Object.Module._extensions..js (node:internal/modules/cjs/loader:1209:10)'[39m,
    [32m'    at Module.load (node:internal/modules/cjs/loader:1033:32)'[39m,
    [32m'    at Function.Module._load (node:internal/modules/cjs/loader:868:12)'[39m,
    [32m'    at Function.executeUserEntryPoint [as runMain] (node:internal/modules/run_main:81:12)'[39m,
    [32m'    at node:internal/main/run_main_module:22:47'[39m
  ]
}
[31merror[39m: [Helper] uncaughtException: options.f is not a function 
{
  date: [32m'Sun Oct 15 2023 12:57:35 GMT+0530 (India Standard Time)'[39m,
  process: {
    pid: [33m14304[39m,
    uid: [1mnull[22m,
    gid: [1mnull[22m,
    cwd: [32m'D:\\Project\\peer-network-suggestor'[39m,
    execPath: [32m'C:\\Program Files\\nodejs\\node.exe'[39m,
    version: [32m'v16.18.0'[39m,
    argv: [
      [32m'C:\\Program Files\\nodejs\\node.exe'[39m,
      [32m'D:\\Project\\peer-network-suggestor\\index.js'[39m
    ],
    memoryUsage: {
      rss: [33m30699520[39m,
      heapTotal: [33m8364032[39m,
      heapUsed: [33m6644496[39m,
      external: [33m922591[39m,
      arrayBuffers: [33m51472[39m
    }
  },
  os: { loadavg: [ [33m0[39m, [33m0[39m, [33m0[39m ], uptime: [33m2300[39m },
  trace: [
    {
      column: [33m29[39m,
      file: [32m'D:\\Project\\peer-network-suggestor\\node_modules\\sentence-similarity\\SentenceSimilarity.js'[39m,
      function: [32m'similarityTable'[39m,
      line: [33m59[39m,
      method: [1mnull[22m,
      native: [33mfalse[39m
    },
    {
      column: [33m15[39m,
      file: [32m'D:\\Project\\peer-network-suggestor\\node_modules\\sentence-similarity\\SentenceSimilarity.js'[39m,
      function: [32m'similarity'[39m,
      line: [33m222[39m,
      method: [1mnull[22m,
      native: [33mfalse[39m
    },
    {
      column: [33m13[39m,
      file: [32m'D:\\Project\\peer-network-suggestor\\index.js'[39m,
      function: [1mnull[22m,
      line: [33m6[39m,
      method: [1mnull[22m,
      native: [33mfalse[39m
    },
    {
      column: [33m14[39m,
      file: [32m'node:internal/modules/cjs/loader'[39m,
      function: [32m'Module._compile'[39m,
      line: [33m1155[39m,
      method: [32m'_compile'[39m,
      native: [33mfalse[39m
    },
    {
      column: [33m10[39m,
      file: [32m'node:internal/modules/cjs/loader'[39m,
      function: [32m'Module._extensions..js'[39m,
      line: [33m1209[39m,
      method: [32m'.js'[39m,
      native: [33mfalse[39m
    },
    {
      column: [33m32[39m,
      file: [32m'node:internal/modules/cjs/loader'[39m,
      function: [32m'Module.load'[39m,
      line: [33m1033[39m,
      method: [32m'load'[39m,
      native: [33mfalse[39m
    },
    {
      column: [33m12[39m,
      file: [32m'node:internal/modules/cjs/loader'[39m,
      function: [32m'Module._load'[39m,
      line: [33m868[39m,
      method: [32m'_load'[39m,
      native: [33mfalse[39m
    },
    {
      column: [33m12[39m,
      file: [32m'node:internal/modules/run_main'[39m,
      function: [32m'Function.executeUserEntryPoint [as runMain]'[39m,
      line: [33m81[39m,
      method: [32m'executeUserEntryPoint [as runMain]'[39m,
      native: [33mfalse[39m
    },
    {
      column: [33m47[39m,
      file: [32m'node:internal/main/run_main_module'[39m,
      function: [1mnull[22m,
      line: [33m22[39m,
      method: [1mnull[22m,
      native: [33mfalse[39m
    }
  ],
  stack: [
    [32m'TypeError: options.f is not a function'[39m,
    [32m'    at similarityTable (D:\\Project\\peer-network-suggestor\\node_modules\\sentence-similarity\\SentenceSimilarity.js:59:29)'[39m,
    [32m'    at similarity (D:\\Project\\peer-network-suggestor\\node_modules\\sentence-similarity\\SentenceSimilarity.js:222:15)'[39m,
    [32m'    at Object.<anonymous> (D:\\Project\\peer-network-suggestor\\index.js:6:13)'[39m,
    [32m'    at Module._compile (node:internal/modules/cjs/loader:1155:14)'[39m,
    [32m'    at Object.Module._extensions..js (node:internal/modules/cjs/loader:1209:10)'[39m,
    [32m'    at Module.load (node:internal/modules/cjs/loader:1033:32)'[39m,
    [32m'    at Function.Module._load (node:internal/modules/cjs/loader:868:12)'[39m,
    [32m'    at Function.executeUserEntryPoint [as runMain] (node:internal/modules/run_main:81:12)'[39m,
    [32m'    at node:internal/main/run_main_module:22:47'[39m
  ]
}
[31merror[39m: [SbEvent] uncaughtException: options.f is not a function 
{
  date: [32m'Sun Oct 15 2023 12:57:35 GMT+0530 (India Standard Time)'[39m,
  process: {
    pid: [33m14304[39m,
    uid: [1mnull[22m,
    gid: [1mnull[22m,
    cwd: [32m'D:\\Project\\peer-network-suggestor'[39m,
    execPath: [32m'C:\\Program Files\\nodejs\\node.exe'[39m,
    version: [32m'v16.18.0'[39m,
    argv: [
      [32m'C:\\Program Files\\nodejs\\node.exe'[39m,
      [32m'D:\\Project\\peer-network-suggestor\\index.js'[39m
    ],
    memoryUsage: {
      rss: [33m29945856[39m,
      heapTotal: [33m8626176[39m,
      heapUsed: [33m7001584[39m,
      external: [33m922591[39m,
      arrayBuffers: [33m51472[39m
    }
  },
  os: { loadavg: [ [33m0[39m, [33m0[39m, [33m0[39m ], uptime: [33m2300[39m },
  trace: [
    {
      column: [33m29[39m,
      file: [32m'D:\\Project\\peer-network-suggestor\\node_modules\\sentence-similarity\\SentenceSimilarity.js'[39m,
      function: [32m'similarityTable'[39m,
      line: [33m59[39m,
      method: [1mnull[22m,
      native: [33mfalse[39m
    },
    {
      column: [33m15[39m,
      file: [32m'D:\\Project\\peer-network-suggestor\\node_modules\\sentence-similarity\\SentenceSimilarity.js'[39m,
      function: [32m'similarity'[39m,
      line: [33m222[39m,
      method: [1mnull[22m,
      native: [33mfalse[39m
    },
    {
      column: [33m13[39m,
      file: [32m'D:\\Project\\peer-network-suggestor\\index.js'[39m,
      function: [1mnull[22m,
      line: [33m6[39m,
      method: [1mnull[22m,
      native: [33mfalse[39m
    },
    {
      column: [33m14[39m,
      file: [32m'node:internal/modules/cjs/loader'[39m,
      function: [32m'Module._compile'[39m,
      line: [33m1155[39m,
      method: [32m'_compile'[39m,
      native: [33mfalse[39m
    },
    {
      column: [33m10[39m,
      file: [32m'node:internal/modules/cjs/loader'[39m,
      function: [32m'Module._extensions..js'[39m,
      line: [33m1209[39m,
      method: [32m'.js'[39m,
      native: [33mfalse[39m
    },
    {
      column: [33m32[39m,
      file: [32m'node:internal/modules/cjs/loader'[39m,
      function: [32m'Module.load'[39m,
      line: [33m1033[39m,
      method: [32m'load'[39m,
      native: [33mfalse[39m
    },
    {
      column: [33m12[39m,
      file: [32m'node:internal/modules/cjs/loader'[39m,
      function: [32m'Module._load'[39m,
      line: [33m868[39m,
      method: [32m'_load'[39m,
      native: [33mfalse[39m
    },
    {
      column: [33m12[39m,
      file: [32m'node:internal/modules/run_main'[39m,
      function: [32m'Function.executeUserEntryPoint [as runMain]'[39m,
      line: [33m81[39m,
      method: [32m'executeUserEntryPoint [as runMain]'[39m,
      native: [33mfalse[39m
    },
    {
      column: [33m47[39m,
      file: [32m'node:internal/main/run_main_module'[39m,
      function: [1mnull[22m,
      line: [33m22[39m,
      method: [1mnull[22m,
      native: [33mfalse[39m
    }
  ],
  stack: [
    [32m'TypeError: options.f is not a function'[39m,
    [32m'    at similarityTable (D:\\Project\\peer-network-suggestor\\node_modules\\sentence-similarity\\SentenceSimilarity.js:59:29)'[39m,
    [32m'    at similarity (D:\\Project\\peer-network-suggestor\\node_modules\\sentence-similarity\\SentenceSimilarity.js:222:15)'[39m,
    [32m'    at Object.<anonymous> (D:\\Project\\peer-network-suggestor\\index.js:6:13)'[39m,
    [32m'    at Module._compile (node:internal/modules/cjs/loader:1155:14)'[39m,
    [32m'    at Object.Module._extensions..js (node:internal/modules/cjs/loader:1209:10)'[39m,
    [32m'    at Module.load (node:internal/modules/cjs/loader:1033:32)'[39m,
    [32m'    at Function.Module._load (node:internal/modules/cjs/loader:868:12)'[39m,
    [32m'    at Function.executeUserEntryPoint [as runMain] (node:internal/modules/run_main:81:12)'[39m,
    [32m'    at node:internal/main/run_main_module:22:47'[39m
  ]
}
[31merror[39m: [ExitHandler] uncaughtException: options.f is not a function 
{
  date: [32m'Sun Oct 15 2023 12:57:35 GMT+0530 (India Standard Time)'[39m,
  process: {
    pid: [33m14304[39m,
    uid: [1mnull[22m,
    gid: [1mnull[22m,
    cwd: [32m'D:\\Project\\peer-network-suggestor'[39m,
    execPath: [32m'C:\\Program Files\\nodejs\\node.exe'[39m,
    version: [32m'v16.18.0'[39m,
    argv: [
      [32m'C:\\Program Files\\nodejs\\node.exe'[39m,
      [32m'D:\\Project\\peer-network-suggestor\\index.js'[39m
    ],
    memoryUsage: {
      rss: [33m29954048[39m,
      heapTotal: [33m8626176[39m,
      heapUsed: [33m7123512[39m,
      external: [33m922591[39m,
      arrayBuffers: [33m51472[39m
    }
  },
  os: { loadavg: [ [33m0[39m, [33m0[39m, [33m0[39m ], uptime: [33m2300[39m },
  trace: [
    {
      column: [33m29[39m,
      file: [32m'D:\\Project\\peer-network-suggestor\\node_modules\\sentence-similarity\\SentenceSimilarity.js'[39m,
      function: [32m'similarityTable'[39m,
      line: [33m59[39m,
      method: [1mnull[22m,
      native: [33mfalse[39m
    },
    {
      column: [33m15[39m,
      file: [32m'D:\\Project\\peer-network-suggestor\\node_modules\\sentence-similarity\\SentenceSimilarity.js'[39m,
      function: [32m'similarity'[39m,
      line: [33m222[39m,
      method: [1mnull[22m,
      native: [33mfalse[39m
    },
    {
      column: [33m13[39m,
      file: [32m'D:\\Project\\peer-network-suggestor\\index.js'[39m,
      function: [1mnull[22m,
      line: [33m6[39m,
      method: [1mnull[22m,
      native: [33mfalse[39m
    },
    {
      column: [33m14[39m,
      file: [32m'node:internal/modules/cjs/loader'[39m,
      function: [32m'Module._compile'[39m,
      line: [33m1155[39m,
      method: [32m'_compile'[39m,
      native: [33mfalse[39m
    },
    {
      column: [33m10[39m,
      file: [32m'node:internal/modules/cjs/loader'[39m,
      function: [32m'Module._extensions..js'[39m,
      line: [33m1209[39m,
      method: [32m'.js'[39m,
      native: [33mfalse[39m
    },
    {
      column: [33m32[39m,
      file: [32m'node:internal/modules/cjs/loader'[39m,
      function: [32m'Module.load'[39m,
      line: [33m1033[39m,
      method: [32m'load'[39m,
      native: [33mfalse[39m
    },
    {
      column: [33m12[39m,
      file: [32m'node:internal/modules/cjs/loader'[39m,
      function: [32m'Module._load'[39m,
      line: [33m868[39m,
      method: [32m'_load'[39m,
      native: [33mfalse[39m
    },
    {
      column: [33m12[39m,
      file: [32m'node:internal/modules/run_main'[39m,
      function: [32m'Function.executeUserEntryPoint [as runMain]'[39m,
      line: [33m81[39m,
      method: [32m'executeUserEntryPoint [as runMain]'[39m,
      native: [33mfalse[39m
    },
    {
      column: [33m47[39m,
      file: [32m'node:internal/main/run_main_module'[39m,
      function: [1mnull[22m,
      line: [33m22[39m,
      method: [1mnull[22m,
      native: [33mfalse[39m
    }
  ],
  stack: [
    [32m'TypeError: options.f is not a function'[39m,
    [32m'    at similarityTable (D:\\Project\\peer-network-suggestor\\node_modules\\sentence-similarity\\SentenceSimilarity.js:59:29)'[39m,
    [32m'    at similarity (D:\\Project\\peer-network-suggestor\\node_modules\\sentence-similarity\\SentenceSimilarity.js:222:15)'[39m,
    [32m'    at Object.<anonymous> (D:\\Project\\peer-network-suggestor\\index.js:6:13)'[39m,
    [32m'    at Module._compile (node:internal/modules/cjs/loader:1155:14)'[39m,
    [32m'    at Object.Module._extensions..js (node:internal/modules/cjs/loader:1209:10)'[39m,
    [32m'    at Module.load (node:internal/modules/cjs/loader:1033:32)'[39m,
    [32m'    at Function.Module._load (node:internal/modules/cjs/loader:868:12)'[39m,
    [32m'    at Function.executeUserEntryPoint [as runMain] (node:internal/modules/run_main:81:12)'[39m,
    [32m'    at node:internal/main/run_main_module:22:47'[39m
  ]
}
